<?xml version="1.0" encoding="UTF-8"?>
<!-- Generated by org.testng.reporters.JUnitReportReporter -->
<testsuite skipped="0" hostname="DESKTOP-77V517J" name="org.testng.selenium.DependsUponMethod" tests="2" failures="0" timestamp="12 Feb 2020 09:05:42 GMT" time="21.973" errors="0">
  <testcase name="tc2" time="0.330" classname="org.testng.selenium.DependsUponMethod"/>
  <testcase name="tc1" time="21.643" classname="org.testng.selenium.DependsUponMethod"/>
</testsuite> <!-- org.testng.selenium.DependsUponMethod -->
