<?xml version="1.0" encoding="UTF-8"?>
<!-- Generated by org.testng.reporters.JUnitReportReporter -->
<testsuite skipped="0" hostname="DESKTOP-77V517J" name="org.testng.selenium.DataProviderClass" tests="3" failures="0" timestamp="11 Feb 2020 12:05:50 GMT" time="28.358" errors="0">
  <testcase name="test1" time="9.054" classname="org.testng.selenium.DataProviderClass"/>
  <testcase name="test1" time="10.384" classname="org.testng.selenium.DataProviderClass"/>
  <testcase name="test1" time="8.920" classname="org.testng.selenium.DataProviderClass"/>
</testsuite> <!-- org.testng.selenium.DataProviderClass -->
