<?xml version="1.0" encoding="UTF-8"?>
<!-- Generated by org.testng.reporters.JUnitReportReporter -->
<testsuite skipped="0" hostname="DESKTOP-77V517J" name="org.testng.selenium.CrossBrowser" tests="3" failures="0" timestamp="12 Feb 2020 08:51:06 GMT" time="29.149" errors="0">
  <testcase name="tc1" time="14.770" classname="org.testng.selenium.CrossBrowser"/>
  <testcase name="tc1" time="1.870" classname="org.testng.selenium.CrossBrowser"/>
  <testcase name="tc1" time="12.509" classname="org.testng.selenium.CrossBrowser"/>
</testsuite> <!-- org.testng.selenium.CrossBrowser -->
