<?xml version="1.0" encoding="UTF-8"?>
<!-- Generated by org.testng.reporters.JUnitReportReporter -->
<testsuite skipped="0" hostname="DESKTOP-77V517J" name="org.testng.selenium.DataProviderClas" tests="3" failures="0" timestamp="11 Feb 2020 11:03:20 GMT" time="30.792" errors="0">
  <testcase name="test1" time="10.781" classname="org.testng.selenium.DataProviderClas"/>
  <testcase name="test1" time="10.972" classname="org.testng.selenium.DataProviderClas"/>
  <testcase name="test1" time="9.039" classname="org.testng.selenium.DataProviderClas"/>
</testsuite> <!-- org.testng.selenium.DataProviderClas -->
