<?xml version="1.0" encoding="UTF-8"?>
<!-- Generated by org.testng.reporters.JUnitReportReporter -->
<testsuite skipped="0" hostname="DESKTOP-77V517J" name="org.testng.selenium.ParallelExecutionByMethods" tests="32" failures="0" timestamp="12 Feb 2020 06:36:22 GMT" time="0.140" errors="0">
  <testcase name="test3" time="0.000" classname="org.testng.selenium.ParallelExecutionByMethods"/>
  <testcase name="test8" time="0.000" classname="org.testng.selenium.ParallelExecutionByMethods"/>
  <testcase name="test5" time="0.000" classname="org.testng.selenium.ParallelExecutionByMethods"/>
  <testcase name="test4" time="0.000" classname="org.testng.selenium.ParallelExecutionByMethods"/>
  <testcase name="test8" time="0.000" classname="org.testng.selenium.ParallelExecutionByMethods"/>
  <testcase name="test7" time="0.000" classname="org.testng.selenium.ParallelExecutionByMethods"/>
  <testcase name="test2" time="0.000" classname="org.testng.selenium.ParallelExecutionByMethods"/>
  <testcase name="test3" time="0.000" classname="org.testng.selenium.ParallelExecutionByMethods"/>
  <testcase name="test1" time="0.015" classname="org.testng.selenium.ParallelExecutionByMethods"/>
  <testcase name="test4" time="0.000" classname="org.testng.selenium.ParallelExecutionByMethods"/>
  <testcase name="test5" time="0.016" classname="org.testng.selenium.ParallelExecutionByMethods"/>
  <testcase name="test6" time="0.016" classname="org.testng.selenium.ParallelExecutionByMethods"/>
  <testcase name="test6" time="0.000" classname="org.testng.selenium.ParallelExecutionByMethods"/>
  <testcase name="test2" time="0.000" classname="org.testng.selenium.ParallelExecutionByMethods"/>
  <testcase name="test4" time="0.000" classname="org.testng.selenium.ParallelExecutionByMethods"/>
  <testcase name="test3" time="0.016" classname="org.testng.selenium.ParallelExecutionByMethods"/>
  <testcase name="test2" time="0.000" classname="org.testng.selenium.ParallelExecutionByMethods"/>
  <testcase name="test7" time="0.000" classname="org.testng.selenium.ParallelExecutionByMethods"/>
  <testcase name="test3" time="0.000" classname="org.testng.selenium.ParallelExecutionByMethods"/>
  <testcase name="test5" time="0.000" classname="org.testng.selenium.ParallelExecutionByMethods"/>
  <testcase name="test4" time="0.000" classname="org.testng.selenium.ParallelExecutionByMethods"/>
  <testcase name="test5" time="0.016" classname="org.testng.selenium.ParallelExecutionByMethods"/>
  <testcase name="test7" time="0.000" classname="org.testng.selenium.ParallelExecutionByMethods"/>
  <testcase name="test6" time="0.016" classname="org.testng.selenium.ParallelExecutionByMethods"/>
  <testcase name="test8" time="0.000" classname="org.testng.selenium.ParallelExecutionByMethods"/>
  <testcase name="test1" time="0.015" classname="org.testng.selenium.ParallelExecutionByMethods"/>
  <testcase name="test1" time="0.015" classname="org.testng.selenium.ParallelExecutionByMethods"/>
  <testcase name="test8" time="0.000" classname="org.testng.selenium.ParallelExecutionByMethods"/>
  <testcase name="test2" time="0.000" classname="org.testng.selenium.ParallelExecutionByMethods"/>
  <testcase name="test1" time="0.015" classname="org.testng.selenium.ParallelExecutionByMethods"/>
  <testcase name="test7" time="0.000" classname="org.testng.selenium.ParallelExecutionByMethods"/>
  <testcase name="test6" time="0.000" classname="org.testng.selenium.ParallelExecutionByMethods"/>
</testsuite> <!-- org.testng.selenium.ParallelExecutionByMethods -->
