<?xml version="1.0" encoding="UTF-8"?>
<!-- Generated by org.testng.reporters.JUnitReportReporter -->
<testsuite skipped="0" hostname="DESKTOP-77V517J" name="org.testng.selenium.ParallelExecutionByClass" tests="8" failures="0" timestamp="12 Feb 2020 06:31:11 GMT" time="0.090" errors="0">
  <testcase name="test6" time="0.015" classname="org.testng.selenium.ParallelExecutionByClass"/>
  <testcase name="test7" time="0.000" classname="org.testng.selenium.ParallelExecutionByClass"/>
  <testcase name="test4" time="0.015" classname="org.testng.selenium.ParallelExecutionByClass"/>
  <testcase name="test5" time="0.015" classname="org.testng.selenium.ParallelExecutionByClass"/>
  <testcase name="test8" time="0.000" classname="org.testng.selenium.ParallelExecutionByClass"/>
  <testcase name="test2" time="0.015" classname="org.testng.selenium.ParallelExecutionByClass"/>
  <testcase name="test3" time="0.015" classname="org.testng.selenium.ParallelExecutionByClass"/>
  <testcase name="test1" time="0.015" classname="org.testng.selenium.ParallelExecutionByClass"/>
</testsuite> <!-- org.testng.selenium.ParallelExecutionByClass -->
