<?xml version="1.0" encoding="UTF-8"?>
<!-- Generated by org.testng.reporters.JUnitReportReporter -->
<testsuite skipped="1" hostname="DESKTOP-77V517J" name="org.testng.selenium.PriorityAndEnabled" tests="2" failures="0" timestamp="11 Feb 2020 10:15:14 GMT" time="0.004" errors="0">
  <testcase name="test1" time="0.004" classname="org.testng.selenium.PriorityAndEnabled"/>
  <testcase name="test6" classname="org.testng.selenium.PriorityAndEnabled">
    <skipped/>
  </testcase> <!-- test6 -->
</testsuite> <!-- org.testng.selenium.PriorityAndEnabled -->
