<?xml version="1.0" encoding="UTF-8"?>
<!-- Generated by org.testng.reporters.JUnitReportReporter -->
<testsuite skipped="0" hostname="DESKTOP-77V517J" name="org.testng.selenium.GroupBy" tests="4" failures="0" timestamp="12 Feb 2020 09:17:28 GMT" time="0.000" errors="0">
  <testcase name="test1" time="0.000" classname="org.testng.selenium.GroupBy"/>
  <testcase name="test3" time="0.000" classname="org.testng.selenium.GroupBy"/>
  <testcase name="test5" time="0.000" classname="org.testng.selenium.GroupBy"/>
  <testcase name="test7" time="0.000" classname="org.testng.selenium.GroupBy"/>
</testsuite> <!-- org.testng.selenium.GroupBy -->
