<?xml version="1.0" encoding="UTF-8"?>
<!-- Generated by org.testng.reporters.JUnitReportReporter -->
<testsuite skipped="0" hostname="DESKTOP-77V517J" name="org.testng.selenium.OrderOfAnnotation" tests="1" failures="0" timestamp="10 Feb 2020 10:51:47 GMT" time="0.005" errors="0">
  <testcase name="test1" time="0.005" classname="org.testng.selenium.OrderOfAnnotation"/>
</testsuite> <!-- org.testng.selenium.OrderOfAnnotation -->
