<?xml version="1.0" encoding="UTF-8"?>
<!-- Generated by org.testng.reporters.JUnitReportReporter -->
<testsuite skipped="0" hostname="DESKTOP-77V517J" name="org.testng.selenium.ParallelExecutionClass" tests="8" failures="0" timestamp="11 Feb 2020 12:17:33 GMT" time="0.014" errors="0">
  <testcase name="test1" time="0.007" classname="org.testng.selenium.ParallelExecutionClass"/>
  <testcase name="test3" time="0.000" classname="org.testng.selenium.ParallelExecutionClass"/>
  <testcase name="test5" time="0.001" classname="org.testng.selenium.ParallelExecutionClass"/>
  <testcase name="test4" time="0.002" classname="org.testng.selenium.ParallelExecutionClass"/>
  <testcase name="test8" time="0.001" classname="org.testng.selenium.ParallelExecutionClass"/>
  <testcase name="test6" time="0.001" classname="org.testng.selenium.ParallelExecutionClass"/>
  <testcase name="test2" time="0.001" classname="org.testng.selenium.ParallelExecutionClass"/>
  <testcase name="test7" time="0.001" classname="org.testng.selenium.ParallelExecutionClass"/>
</testsuite> <!-- org.testng.selenium.ParallelExecutionClass -->
